生成启动时间为 2015/10/9 19:44:10。
     1>项目“F:\Dllcryption\crytion\crytion\crytion\crytion.vcxproj”在节点 2 上(Rebuild 个目标)。
       项目文件包含 ToolsVersion="12.0" 设置，但此工具集未知或缺失。您可以通过为此工具集安装相应的 .NET Framework 来解决此问题。将项目视为具有 ToolsVersion="4.0" 设置。
     1>ClCompile:
         C:\Program Files (x86)\Microsoft Visual Studio 11.0\VC\bin\x86_amd64\CL.exe /c /Zi /nologo /W3 /WX- /sdl /O2 /Oi /GL /D WIN32 /D NDEBUG /D _CONSOLE /D _LIB /D _CRT_SECURE_NO_WARNINGS /D _UNICODE /D UNICODE /Gm- /EHsc /MD /GS /Gy /fp:precise /Zc:wchar_t /Zc:forScope /Yc"stdafx.h" /Fp"x64\Release\crytion.pch" /Fo"x64\Release\\" /Fd"x64\Release\vc110.pdb" /Gd /TP /errorReport:prompt stdafx.cpp
         stdafx.cpp
         C:\Program Files (x86)\Microsoft Visual Studio 11.0\VC\bin\x86_amd64\CL.exe /c /Zi /nologo /W3 /WX- /sdl /O2 /Oi /GL /D WIN32 /D NDEBUG /D _CONSOLE /D _LIB /D _CRT_SECURE_NO_WARNINGS /D _UNICODE /D UNICODE /Gm- /EHsc /MD /GS /Gy /fp:precise /Zc:wchar_t /Zc:forScope /Yu"stdafx.h" /Fp"x64\Release\crytion.pch" /Fo"x64\Release\\" /Fd"x64\Release\vc110.pdb" /Gd /TP /errorReport:prompt crytion.cpp
         crytion.cpp
     1>crytion.cpp(12): warning C4267: “初始化”: 从“size_t”转换到“int”，可能丢失数据
     1>crytion.cpp(13): warning C4267: “初始化”: 从“size_t”转换到“int”，可能丢失数据
     1>crytion.cpp(34): warning C4267: “初始化”: 从“size_t”转换到“int”，可能丢失数据
     1>crytion.cpp(102): warning C4267: “=”: 从“size_t”转换到“int”，可能丢失数据
       Link:
         C:\Program Files (x86)\Microsoft Visual Studio 11.0\VC\bin\x86_amd64\link.exe /ERRORREPORT:PROMPT /OUT:"F:\Dllcryption\crytion\crytion\x64\Release\crytion.exe" /INCREMENTAL:NO /NOLOGO kernel32.lib user32.lib gdi32.lib winspool.lib comdlg32.lib advapi32.lib shell32.lib ole32.lib oleaut32.lib uuid.lib odbc32.lib odbccp32.lib /MANIFEST /MANIFESTUAC:"level='asInvoker' uiAccess='false'" /manifest:embed /DEBUG /PDB:"F:\Dllcryption\crytion\crytion\x64\Release\crytion.pdb" /SUBSYSTEM:CONSOLE /OPT:REF /OPT:ICF /LTCG /TLBID:1 /DYNAMICBASE /NXCOMPAT /IMPLIB:"F:\Dllcryption\crytion\crytion\x64\Release\crytion.lib" /MACHINE:X64 x64\Release\crytion.obj
         x64\Release\stdafx.obj
         正在生成代码
         已完成代码的生成
         crytion.vcxproj -> F:\Dllcryption\crytion\crytion\x64\Release\crytion.exe
     1>已完成生成项目“F:\Dllcryption\crytion\crytion\crytion\crytion.vcxproj”(Rebuild 个目标)的操作。

生成成功。

已用时间 00:00:02.27
